2022-11-11 17:12:30,952 : INFO : test_e2e : iphone X
2022-11-11 17:12:30,977 : INFO : test_e2e : Samsung Note 8
2022-11-11 17:12:31,001 : INFO : test_e2e : Nokia Edge
2022-11-11 17:12:31,025 : INFO : test_e2e : Blackberry
2022-11-11 17:12:36,572 : INFO : test_e2e : 1st selected country India
2022-11-11 17:12:36,709 : INFO : test_e2e : ×
Success! Thank you! Your order will be delivered in next few weeks :-).
2022-11-11 17:12:37,286 : INFO : test_e2e : iphone X
2022-11-11 17:12:37,286 : INFO : test_e2e : iphone X
2022-11-11 17:12:37,313 : INFO : test_e2e : Samsung Note 8
2022-11-11 17:12:37,313 : INFO : test_e2e : Samsung Note 8
2022-11-11 17:12:37,342 : INFO : test_e2e : Nokia Edge
2022-11-11 17:12:37,342 : INFO : test_e2e : Nokia Edge
2022-11-11 17:12:37,373 : INFO : test_e2e : Blackberry
2022-11-11 17:12:37,373 : INFO : test_e2e : Blackberry
2022-11-11 17:12:42,972 : INFO : test_e2e : 2nd selected country Germany
2022-11-11 17:12:42,972 : INFO : test_e2e : 2nd selected country Germany
2022-11-11 17:12:43,089 : INFO : test_e2e : ×
Success! Thank you! Your order will be delivered in next few weeks :-).
2022-11-11 17:12:43,089 : INFO : test_e2e : ×
Success! Thank you! Your order will be delivered in next few weeks :-).
2022-11-11 17:15:51,007 : INFO : test_e2e : iphone X
2022-11-11 17:15:51,030 : INFO : test_e2e : Samsung Note 8
2022-11-11 17:15:51,055 : INFO : test_e2e : Nokia Edge
2022-11-11 17:15:51,080 : INFO : test_e2e : Blackberry
2022-11-11 17:15:56,618 : INFO : test_e2e : 1st selected country India
2022-11-11 17:15:56,758 : INFO : test_e2e : ×
Success! Thank you! Your order will be delivered in next few weeks :-).
2022-11-11 17:15:57,440 : INFO : test_e2e : iphone X
2022-11-11 17:15:57,440 : INFO : test_e2e : iphone X
2022-11-11 17:15:57,467 : INFO : test_e2e : Samsung Note 8
2022-11-11 17:15:57,467 : INFO : test_e2e : Samsung Note 8
2022-11-11 17:15:57,493 : INFO : test_e2e : Nokia Edge
2022-11-11 17:15:57,493 : INFO : test_e2e : Nokia Edge
2022-11-11 17:15:57,522 : INFO : test_e2e : Blackberry
2022-11-11 17:15:57,522 : INFO : test_e2e : Blackberry
2022-11-11 17:16:03,184 : INFO : test_e2e : 2nd selected country Germany
2022-11-11 17:16:03,184 : INFO : test_e2e : 2nd selected country Germany
2022-11-11 17:16:03,318 : INFO : test_e2e : ×
Success! Thank you! Your order will be delivered in next few weeks :-).
2022-11-11 17:16:03,318 : INFO : test_e2e : ×
Success! Thank you! Your order will be delivered in next few weeks :-).
2022-11-11 18:50:24,667 : INFO : test_e2e : iphone X
2022-11-11 18:50:24,692 : INFO : test_e2e : Samsung Note 8
2022-11-11 18:50:24,717 : INFO : test_e2e : Nokia Edge
2022-11-11 18:50:24,743 : INFO : test_e2e : Blackberry
2022-11-11 18:50:30,266 : INFO : test_e2e : 1st selected country India
2022-11-11 18:50:31,125 : INFO : test_e2e : iphone X
2022-11-11 18:50:31,125 : INFO : test_e2e : iphone X
2022-11-11 18:50:31,158 : INFO : test_e2e : Samsung Note 8
2022-11-11 18:50:31,158 : INFO : test_e2e : Samsung Note 8
2022-11-11 18:50:31,195 : INFO : test_e2e : Nokia Edge
2022-11-11 18:50:31,195 : INFO : test_e2e : Nokia Edge
2022-11-11 18:50:31,227 : INFO : test_e2e : Blackberry
2022-11-11 18:50:31,227 : INFO : test_e2e : Blackberry
2022-11-11 18:50:36,886 : INFO : test_e2e : 2nd selected country Germany
2022-11-11 18:50:36,886 : INFO : test_e2e : 2nd selected country Germany
2022-11-11 18:53:12,318 : INFO : test_e2e : iphone X
2022-11-11 18:53:12,347 : INFO : test_e2e : Samsung Note 8
2022-11-11 18:53:12,372 : INFO : test_e2e : Nokia Edge
2022-11-11 18:53:12,399 : INFO : test_e2e : Blackberry
2022-11-11 18:53:17,964 : INFO : test_e2e : 1st selected country India
2022-11-11 18:53:18,892 : INFO : test_e2e : iphone X
2022-11-11 18:53:18,892 : INFO : test_e2e : iphone X
2022-11-11 18:53:18,925 : INFO : test_e2e : Samsung Note 8
2022-11-11 18:53:18,925 : INFO : test_e2e : Samsung Note 8
2022-11-11 18:53:18,959 : INFO : test_e2e : Nokia Edge
2022-11-11 18:53:18,959 : INFO : test_e2e : Nokia Edge
2022-11-11 18:53:18,994 : INFO : test_e2e : Blackberry
2022-11-11 18:53:18,994 : INFO : test_e2e : Blackberry
2022-11-11 18:53:24,614 : INFO : test_e2e : 2nd selected country Germany
2022-11-11 18:53:24,614 : INFO : test_e2e : 2nd selected country Germany
2022-11-11 19:29:35,324 : INFO : test_e2e : iphone X
2022-11-11 19:29:35,349 : INFO : test_e2e : Samsung Note 8
2022-11-11 19:29:35,375 : INFO : test_e2e : Nokia Edge
2022-11-11 19:29:35,401 : INFO : test_e2e : Blackberry
2022-11-11 19:29:40,941 : INFO : test_e2e : 1st selected country India
2022-11-11 19:29:41,760 : INFO : test_e2e : iphone X
2022-11-11 19:29:41,760 : INFO : test_e2e : iphone X
2022-11-11 19:29:41,789 : INFO : test_e2e : Samsung Note 8
2022-11-11 19:29:41,789 : INFO : test_e2e : Samsung Note 8
2022-11-11 19:29:41,821 : INFO : test_e2e : Nokia Edge
2022-11-11 19:29:41,821 : INFO : test_e2e : Nokia Edge
2022-11-11 19:29:41,855 : INFO : test_e2e : Blackberry
2022-11-11 19:29:41,855 : INFO : test_e2e : Blackberry
2022-11-11 19:29:47,451 : INFO : test_e2e : 2nd selected country Germany
2022-11-11 19:29:47,451 : INFO : test_e2e : 2nd selected country Germany
2022-11-11 19:30:33,915 : INFO : test_e2e : iphone X
2022-11-11 19:30:33,940 : INFO : test_e2e : Samsung Note 8
2022-11-11 19:30:33,964 : INFO : test_e2e : Nokia Edge
2022-11-11 19:30:33,989 : INFO : test_e2e : Blackberry
2022-11-11 19:30:39,507 : INFO : test_e2e : 1st selected country India
2022-11-11 19:30:40,277 : INFO : test_e2e : iphone X
2022-11-11 19:30:40,277 : INFO : test_e2e : iphone X
2022-11-11 19:30:40,304 : INFO : test_e2e : Samsung Note 8
2022-11-11 19:30:40,304 : INFO : test_e2e : Samsung Note 8
2022-11-11 19:30:40,333 : INFO : test_e2e : Nokia Edge
2022-11-11 19:30:40,333 : INFO : test_e2e : Nokia Edge
2022-11-11 19:30:40,367 : INFO : test_e2e : Blackberry
2022-11-11 19:30:40,367 : INFO : test_e2e : Blackberry
2022-11-11 19:31:53,682 : INFO : test_e2e : iphone X
2022-11-11 19:31:53,707 : INFO : test_e2e : Samsung Note 8
2022-11-11 19:31:53,731 : INFO : test_e2e : Nokia Edge
2022-11-11 19:31:53,756 : INFO : test_e2e : Blackberry
2022-11-11 19:31:59,290 : INFO : test_e2e : 1st selected country India
2022-11-11 19:32:00,041 : INFO : test_e2e : iphone X
2022-11-11 19:32:00,041 : INFO : test_e2e : iphone X
2022-11-11 19:32:00,068 : INFO : test_e2e : Samsung Note 8
2022-11-11 19:32:00,068 : INFO : test_e2e : Samsung Note 8
2022-11-11 19:32:00,096 : INFO : test_e2e : Nokia Edge
2022-11-11 19:32:00,096 : INFO : test_e2e : Nokia Edge
2022-11-11 19:32:00,129 : INFO : test_e2e : Blackberry
2022-11-11 19:32:00,129 : INFO : test_e2e : Blackberry
2022-11-11 19:32:05,752 : INFO : test_e2e : 2nd selected country Germany
2022-11-11 19:32:05,752 : INFO : test_e2e : 2nd selected country Germany
2022-11-14 17:10:26,042 : INFO : test_e2e : iphone X
2022-11-14 17:10:26,064 : INFO : test_e2e : Samsung Note 8
2022-11-14 17:10:26,092 : INFO : test_e2e : Nokia Edge
2022-11-14 17:10:26,115 : INFO : test_e2e : Blackberry
2022-11-14 17:10:31,649 : INFO : test_e2e : 2nd selected country Germany
2022-11-14 17:11:08,105 : INFO : test_e2e : iphone X
2022-11-14 17:11:08,129 : INFO : test_e2e : Samsung Note 8
2022-11-14 17:11:08,154 : INFO : test_e2e : Nokia Edge
2022-11-14 17:11:08,178 : INFO : test_e2e : Blackberry
2022-11-14 17:11:13,716 : INFO : test_e2e : 2nd selected country Germany
2022-11-14 17:11:49,714 : INFO : test_e2e : iphone X
2022-11-14 17:11:49,740 : INFO : test_e2e : Samsung Note 8
2022-11-14 17:11:49,764 : INFO : test_e2e : Nokia Edge
2022-11-14 17:11:49,788 : INFO : test_e2e : Blackberry
2022-11-14 17:11:55,303 : INFO : test_e2e : 2nd selected country Germany
2022-11-14 17:13:14,688 : INFO : test_e2e : iphone X
2022-11-14 17:13:14,713 : INFO : test_e2e : Samsung Note 8
2022-11-14 17:13:14,738 : INFO : test_e2e : Nokia Edge
2022-11-14 17:13:14,763 : INFO : test_e2e : Blackberry
2022-11-14 17:13:20,296 : INFO : test_e2e : 1st selected country India
2022-11-14 17:13:34,859 : INFO : test_e2e : iphone X
2022-11-14 17:13:34,884 : INFO : test_e2e : Samsung Note 8
2022-11-14 17:13:34,908 : INFO : test_e2e : Nokia Edge
2022-11-14 17:13:34,933 : INFO : test_e2e : Blackberry
2022-11-14 17:17:26,498 : INFO : test_e2e : iphone X
2022-11-14 17:17:26,523 : INFO : test_e2e : Samsung Note 8
2022-11-14 17:17:26,548 : INFO : test_e2e : Nokia Edge
2022-11-14 17:17:26,572 : INFO : test_e2e : Blackberry
2022-11-15 11:36:46,094 : INFO : test_e2e : iphone X
2022-11-15 11:36:46,108 : INFO : test_e2e : Samsung Note 8
2022-11-15 11:36:46,122 : INFO : test_e2e : Nokia Edge
2022-11-15 11:36:46,135 : INFO : test_e2e : Blackberry
2022-11-15 12:45:05,087 : INFO : test_e2e : iphone X
2022-11-15 12:45:05,102 : INFO : test_e2e : Samsung Note 8
2022-11-15 12:45:05,117 : INFO : test_e2e : Nokia Edge
2022-11-15 12:45:05,132 : INFO : test_e2e : Blackberry
2022-11-16 11:37:45,493 : INFO : test_e2e : iphone X
2022-11-16 11:37:45,518 : INFO : test_e2e : Samsung Note 8
2022-11-16 11:37:45,543 : INFO : test_e2e : Nokia Edge
2022-11-16 11:37:45,568 : INFO : test_e2e : Blackberry
